0 info it worked if it ends with ok
1 verbose cli [ 'C:\\Program Files\\nodejs\\node.exe',
1 verbose cli   'C:\\Program Files\\nodejs\\node_modules\\npm\\bin\\npm-cli.js',
1 verbose cli   'install',
1 verbose cli   '--no-optional',
1 verbose cli   'hot-reload',
1 verbose cli   '--save' ]
2 info using npm@3.8.6
3 info using node@v5.12.0
4 silly loadCurrentTree Starting
5 silly install loadCurrentTree
6 silly install readLocalPackageData
7 silly fetchPackageMetaData hot-reload
8 silly fetchNamedPackageData hot-reload
9 silly mapToRegistry name hot-reload
10 silly mapToRegistry using default registry
11 silly mapToRegistry registry https://registry.npmjs.org/
12 silly mapToRegistry data Result {
12 silly mapToRegistry   raw: 'hot-reload',
12 silly mapToRegistry   scope: null,
12 silly mapToRegistry   name: 'hot-reload',
12 silly mapToRegistry   rawSpec: '',
12 silly mapToRegistry   spec: 'latest',
12 silly mapToRegistry   type: 'tag' }
13 silly mapToRegistry uri https://registry.npmjs.org/hot-reload
14 verbose request uri https://registry.npmjs.org/hot-reload
15 verbose request no auth needed
16 info attempt registry request try #1 at 13:54:22
17 verbose request id 88ee3a98aefd5cae
18 verbose etag W/"543f3f83-6909"
19 verbose lastModified Thu, 16 Oct 2014 03:46:11 GMT
20 http request GET https://registry.npmjs.org/hot-reload
21 http 304 https://registry.npmjs.org/hot-reload
22 verbose headers { date: 'Tue, 10 Oct 2017 05:54:23 GMT',
22 verbose headers   via: '1.1 varnish',
22 verbose headers   'cache-control': 'max-age=300',
22 verbose headers   etag: 'W/"543f3f83-6909"',
22 verbose headers   age: '0',
22 verbose headers   connection: 'keep-alive',
22 verbose headers   'x-served-by': 'cache-nrt6129-NRT',
22 verbose headers   'x-cache': 'HIT',
22 verbose headers   'x-cache-hits': '1',
22 verbose headers   'x-timer': 'S1507614863.479609,VS0,VE677',
22 verbose headers   vary: 'Accept-Encoding, Accept' }
23 silly get cb [ 304,
23 silly get   { date: 'Tue, 10 Oct 2017 05:54:23 GMT',
23 silly get     via: '1.1 varnish',
23 silly get     'cache-control': 'max-age=300',
23 silly get     etag: 'W/"543f3f83-6909"',
23 silly get     age: '0',
23 silly get     connection: 'keep-alive',
23 silly get     'x-served-by': 'cache-nrt6129-NRT',
23 silly get     'x-cache': 'HIT',
23 silly get     'x-cache-hits': '1',
23 silly get     'x-timer': 'S1507614863.479609,VS0,VE677',
23 silly get     vary: 'Accept-Encoding, Accept' } ]
24 verbose etag https://registry.npmjs.org/hot-reload from cache
25 verbose get saving hot-reload to C:\Users\Administrator\AppData\Roaming\npm-cache\registry.npmjs.org\hot-reload\.cache.json
26 verbose correctMkdir C:\Users\Administrator\AppData\Roaming\npm-cache correctMkdir not in flight; initializing
27 silly install normalizeTree
28 silly loadCurrentTree Finishing
29 silly loadIdealTree Starting
30 silly install loadIdealTree
31 silly cloneCurrentTree Starting
32 silly install cloneCurrentTreeToIdealTree
33 silly cloneCurrentTree Finishing
34 silly loadShrinkwrap Starting
35 silly install loadShrinkwrap
36 silly loadShrinkwrap Finishing
37 silly loadAllDepsIntoIdealTree Starting
38 silly install loadAllDepsIntoIdealTree
39 silly resolveWithNewModule hot-reload@3.0.2 checking installable status
40 silly cache add args [ 'hot-reload', null ]
41 verbose cache add spec hot-reload
42 silly cache add parsed spec Result {
42 silly cache add   raw: 'hot-reload',
42 silly cache add   scope: null,
42 silly cache add   name: 'hot-reload',
42 silly cache add   rawSpec: '',
42 silly cache add   spec: 'latest',
42 silly cache add   type: 'tag' }
43 silly addNamed hot-reload@latest
44 verbose addNamed "latest" is being treated as a dist-tag for hot-reload
45 info addNameTag [ 'hot-reload', 'latest' ]
46 silly mapToRegistry name hot-reload
47 silly mapToRegistry using default registry
48 silly mapToRegistry registry https://registry.npmjs.org/
49 silly mapToRegistry data Result {
49 silly mapToRegistry   raw: 'hot-reload',
49 silly mapToRegistry   scope: null,
49 silly mapToRegistry   name: 'hot-reload',
49 silly mapToRegistry   rawSpec: '',
49 silly mapToRegistry   spec: 'latest',
49 silly mapToRegistry   type: 'tag' }
50 silly mapToRegistry uri https://registry.npmjs.org/hot-reload
51 verbose addNameTag registry:https://registry.npmjs.org/hot-reload not in flight; fetching
52 verbose get https://registry.npmjs.org/hot-reload not expired, no request
53 silly addNameTag next cb for hot-reload with tag latest
54 silly addNamed hot-reload@3.0.2
55 verbose addNamed "3.0.2" is a plain semver version for hot-reload
56 silly cache afterAdd hot-reload@3.0.2
57 verbose afterAdd C:\Users\Administrator\AppData\Roaming\npm-cache\hot-reload\3.0.2\package\package.json not in flight; writing
58 verbose correctMkdir C:\Users\Administrator\AppData\Roaming\npm-cache correctMkdir not in flight; initializing
59 verbose afterAdd C:\Users\Administrator\AppData\Roaming\npm-cache\hot-reload\3.0.2\package\package.json written
60 silly fetchNamedPackageData chokidar
61 silly mapToRegistry name chokidar
62 silly mapToRegistry using default registry
63 silly mapToRegistry registry https://registry.npmjs.org/
64 silly mapToRegistry data Result {
64 silly mapToRegistry   raw: 'chokidar',
64 silly mapToRegistry   scope: null,
64 silly mapToRegistry   name: 'chokidar',
64 silly mapToRegistry   rawSpec: '',
64 silly mapToRegistry   spec: 'latest',
64 silly mapToRegistry   type: 'tag' }
65 silly mapToRegistry uri https://registry.npmjs.org/chokidar
66 silly fetchNamedPackageData fsevents
67 silly mapToRegistry name fsevents
68 silly mapToRegistry using default registry
69 silly mapToRegistry registry https://registry.npmjs.org/
70 silly mapToRegistry data Result {
70 silly mapToRegistry   raw: 'fsevents',
70 silly mapToRegistry   scope: null,
70 silly mapToRegistry   name: 'fsevents',
70 silly mapToRegistry   rawSpec: '',
70 silly mapToRegistry   spec: 'latest',
70 silly mapToRegistry   type: 'tag' }
71 silly mapToRegistry uri https://registry.npmjs.org/fsevents
72 silly fetchNamedPackageData jsonminify
73 silly mapToRegistry name jsonminify
74 silly mapToRegistry using default registry
75 silly mapToRegistry registry https://registry.npmjs.org/
76 silly mapToRegistry data Result {
76 silly mapToRegistry   raw: 'jsonminify',
76 silly mapToRegistry   scope: null,
76 silly mapToRegistry   name: 'jsonminify',
76 silly mapToRegistry   rawSpec: '',
76 silly mapToRegistry   spec: 'latest',
76 silly mapToRegistry   type: 'tag' }
77 silly mapToRegistry uri https://registry.npmjs.org/jsonminify
78 silly fetchNamedPackageData path-filters
79 silly mapToRegistry name path-filters
80 silly mapToRegistry using default registry
81 silly mapToRegistry registry https://registry.npmjs.org/
82 silly mapToRegistry data Result {
82 silly mapToRegistry   raw: 'path-filters',
82 silly mapToRegistry   scope: null,
82 silly mapToRegistry   name: 'path-filters',
82 silly mapToRegistry   rawSpec: '',
82 silly mapToRegistry   spec: 'latest',
82 silly mapToRegistry   type: 'tag' }
83 silly mapToRegistry uri https://registry.npmjs.org/path-filters
84 silly fetchNamedPackageData property-handlers
85 silly mapToRegistry name property-handlers
86 silly mapToRegistry using default registry
87 silly mapToRegistry registry https://registry.npmjs.org/
88 silly mapToRegistry data Result {
88 silly mapToRegistry   raw: 'property-handlers',
88 silly mapToRegistry   scope: null,
88 silly mapToRegistry   name: 'property-handlers',
88 silly mapToRegistry   rawSpec: '',
88 silly mapToRegistry   spec: 'latest',
88 silly mapToRegistry   type: 'tag' }
89 silly mapToRegistry uri https://registry.npmjs.org/property-handlers
90 verbose request uri https://registry.npmjs.org/fsevents
91 verbose request no auth needed
92 info attempt registry request try #1 at 13:54:24
93 verbose etag W/"597215e7-dd9a"
94 verbose lastModified Fri, 21 Jul 2017 14:55:35 GMT
95 http request GET https://registry.npmjs.org/fsevents
96 verbose request uri https://registry.npmjs.org/chokidar
97 verbose request no auth needed
98 info attempt registry request try #1 at 13:54:24
99 verbose etag W/"59d6129d-1c583"
100 verbose lastModified Thu, 05 Oct 2017 11:08:13 GMT
101 http request GET https://registry.npmjs.org/chokidar
102 verbose request uri https://registry.npmjs.org/path-filters
103 verbose request no auth needed
104 info attempt registry request try #1 at 13:54:24
105 verbose etag W/"54381bf6-1cc3"
106 verbose lastModified Fri, 10 Oct 2014 17:48:38 GMT
107 http request GET https://registry.npmjs.org/path-filters
108 verbose request uri https://registry.npmjs.org/jsonminify
109 verbose request no auth needed
110 info attempt registry request try #1 at 13:54:24
111 verbose etag W/"56d68a45-31e3"
112 verbose lastModified Wed, 02 Mar 2016 06:37:57 GMT
113 http request GET https://registry.npmjs.org/jsonminify
114 verbose request uri https://registry.npmjs.org/property-handlers
115 verbose request no auth needed
116 info attempt registry request try #1 at 13:54:24
117 verbose etag W/"578e9230-2cec"
118 verbose lastModified Tue, 19 Jul 2016 20:48:48 GMT
119 http request GET https://registry.npmjs.org/property-handlers
120 http 304 https://registry.npmjs.org/fsevents
121 verbose headers { date: 'Tue, 10 Oct 2017 05:54:24 GMT',
121 verbose headers   via: '1.1 varnish',
121 verbose headers   'cache-control': 'max-age=300',
121 verbose headers   etag: 'W/"597215e7-dd9a"',
121 verbose headers   age: '148',
121 verbose headers   connection: 'keep-alive',
121 verbose headers   'x-served-by': 'cache-nrt6129-NRT',
121 verbose headers   'x-cache': 'HIT',
121 verbose headers   'x-cache-hits': '9',
121 verbose headers   'x-timer': 'S1507614864.381459,VS0,VE0',
121 verbose headers   vary: 'Accept-Encoding, Accept' }
122 silly get cb [ 304,
122 silly get   { date: 'Tue, 10 Oct 2017 05:54:24 GMT',
122 silly get     via: '1.1 varnish',
122 silly get     'cache-control': 'max-age=300',
122 silly get     etag: 'W/"597215e7-dd9a"',
122 silly get     age: '148',
122 silly get     connection: 'keep-alive',
122 silly get     'x-served-by': 'cache-nrt6129-NRT',
122 silly get     'x-cache': 'HIT',
122 silly get     'x-cache-hits': '9',
122 silly get     'x-timer': 'S1507614864.381459,VS0,VE0',
122 silly get     vary: 'Accept-Encoding, Accept' } ]
123 verbose etag https://registry.npmjs.org/fsevents from cache
124 verbose get saving fsevents to C:\Users\Administrator\AppData\Roaming\npm-cache\registry.npmjs.org\fsevents\.cache.json
125 verbose correctMkdir C:\Users\Administrator\AppData\Roaming\npm-cache correctMkdir not in flight; initializing
126 silly resolveWithNewModule fsevents@0.3.8 checking installable status
127 http 304 https://registry.npmjs.org/property-handlers
128 verbose headers { date: 'Tue, 10 Oct 2017 05:54:24 GMT',
128 verbose headers   via: '1.1 varnish',
128 verbose headers   'cache-control': 'max-age=300',
128 verbose headers   etag: 'W/"578e9230-2cec"',
128 verbose headers   age: '273',
128 verbose headers   connection: 'keep-alive',
128 verbose headers   'x-served-by': 'cache-nrt6128-NRT',
128 verbose headers   'x-cache': 'HIT',
128 verbose headers   'x-cache-hits': '1',
128 verbose headers   'x-timer': 'S1507614865.615186,VS0,VE0',
128 verbose headers   vary: 'Accept-Encoding, Accept' }
129 silly get cb [ 304,
129 silly get   { date: 'Tue, 10 Oct 2017 05:54:24 GMT',
129 silly get     via: '1.1 varnish',
129 silly get     'cache-control': 'max-age=300',
129 silly get     etag: 'W/"578e9230-2cec"',
129 silly get     age: '273',
129 silly get     connection: 'keep-alive',
129 silly get     'x-served-by': 'cache-nrt6128-NRT',
129 silly get     'x-cache': 'HIT',
129 silly get     'x-cache-hits': '1',
129 silly get     'x-timer': 'S1507614865.615186,VS0,VE0',
129 silly get     vary: 'Accept-Encoding, Accept' } ]
130 verbose etag https://registry.npmjs.org/property-handlers from cache
131 verbose get saving property-handlers to C:\Users\Administrator\AppData\Roaming\npm-cache\registry.npmjs.org\property-handlers\.cache.json
132 verbose correctMkdir C:\Users\Administrator\AppData\Roaming\npm-cache correctMkdir not in flight; initializing
133 silly resolveWithNewModule property-handlers@0.1.0 checking installable status
134 silly cache add args [ 'property-handlers@^0.1.0', null ]
135 verbose cache add spec property-handlers@^0.1.0
136 silly cache add parsed spec Result {
136 silly cache add   raw: 'property-handlers@^0.1.0',
136 silly cache add   scope: null,
136 silly cache add   name: 'property-handlers',
136 silly cache add   rawSpec: '^0.1.0',
136 silly cache add   spec: '>=0.1.0 <0.2.0',
136 silly cache add   type: 'range' }
137 silly addNamed property-handlers@>=0.1.0 <0.2.0
138 verbose addNamed ">=0.1.0 <0.2.0" is a valid semver range for property-handlers
139 silly addNameRange { name: 'property-handlers',
139 silly addNameRange   range: '>=0.1.0 <0.2.0',
139 silly addNameRange   hasData: false }
140 silly mapToRegistry name property-handlers
141 silly mapToRegistry using default registry
142 silly mapToRegistry registry https://registry.npmjs.org/
143 silly mapToRegistry data Result {
143 silly mapToRegistry   raw: 'property-handlers',
143 silly mapToRegistry   scope: null,
143 silly mapToRegistry   name: 'property-handlers',
143 silly mapToRegistry   rawSpec: '',
143 silly mapToRegistry   spec: 'latest',
143 silly mapToRegistry   type: 'tag' }
144 silly mapToRegistry uri https://registry.npmjs.org/property-handlers
145 verbose addNameRange registry:https://registry.npmjs.org/property-handlers not in flight; fetching
146 verbose get https://registry.npmjs.org/property-handlers not expired, no request
147 silly addNameRange number 2 { name: 'property-handlers',
147 silly addNameRange   range: '>=0.1.0 <0.2.0',
147 silly addNameRange   hasData: true }
148 silly addNameRange versions [ 'property-handlers',
148 silly addNameRange   [ '0.1.0',
148 silly addNameRange     '0.2.0-beta',
148 silly addNameRange     '0.2.1-beta',
148 silly addNameRange     '0.2.2-beta',
148 silly addNameRange     '1.0.0',
148 silly addNameRange     '1.0.1',
148 silly addNameRange     '1.1.0',
148 silly addNameRange     '1.1.1' ] ]
149 silly addNamed property-handlers@0.1.0
150 verbose addNamed "0.1.0" is a plain semver version for property-handlers
151 silly cache afterAdd property-handlers@0.1.0
152 verbose afterAdd C:\Users\Administrator\AppData\Roaming\npm-cache\property-handlers\0.1.0\package\package.json not in flight; writing
153 verbose correctMkdir C:\Users\Administrator\AppData\Roaming\npm-cache correctMkdir not in flight; initializing
154 verbose afterAdd C:\Users\Administrator\AppData\Roaming\npm-cache\property-handlers\0.1.0\package\package.json written
155 http 304 https://registry.npmjs.org/jsonminify
156 verbose headers { date: 'Tue, 10 Oct 2017 05:54:24 GMT',
156 verbose headers   via: '1.1 varnish',
156 verbose headers   'cache-control': 'max-age=300',
156 verbose headers   etag: 'W/"56d68a45-31e3"',
156 verbose headers   age: '0',
156 verbose headers   connection: 'keep-alive',
156 verbose headers   'x-served-by': 'cache-nrt6127-NRT',
156 verbose headers   'x-cache': 'HIT',
156 verbose headers   'x-cache-hits': '1',
156 verbose headers   'x-timer': 'S1507614865.619183,VS0,VE133',
156 verbose headers   vary: 'Accept-Encoding, Accept' }
157 silly get cb [ 304,
157 silly get   { date: 'Tue, 10 Oct 2017 05:54:24 GMT',
157 silly get     via: '1.1 varnish',
157 silly get     'cache-control': 'max-age=300',
157 silly get     etag: 'W/"56d68a45-31e3"',
157 silly get     age: '0',
157 silly get     connection: 'keep-alive',
157 silly get     'x-served-by': 'cache-nrt6127-NRT',
157 silly get     'x-cache': 'HIT',
157 silly get     'x-cache-hits': '1',
157 silly get     'x-timer': 'S1507614865.619183,VS0,VE133',
157 silly get     vary: 'Accept-Encoding, Accept' } ]
158 verbose etag https://registry.npmjs.org/jsonminify from cache
159 verbose get saving jsonminify to C:\Users\Administrator\AppData\Roaming\npm-cache\registry.npmjs.org\jsonminify\.cache.json
160 verbose correctMkdir C:\Users\Administrator\AppData\Roaming\npm-cache correctMkdir not in flight; initializing
161 silly resolveWithNewModule jsonminify@0.2.3 checking installable status
162 silly cache add args [ 'jsonminify@^0.2.3', null ]
163 verbose cache add spec jsonminify@^0.2.3
164 silly cache add parsed spec Result {
164 silly cache add   raw: 'jsonminify@^0.2.3',
164 silly cache add   scope: null,
164 silly cache add   name: 'jsonminify',
164 silly cache add   rawSpec: '^0.2.3',
164 silly cache add   spec: '>=0.2.3 <0.3.0',
164 silly cache add   type: 'range' }
165 silly addNamed jsonminify@>=0.2.3 <0.3.0
166 verbose addNamed ">=0.2.3 <0.3.0" is a valid semver range for jsonminify
167 silly addNameRange { name: 'jsonminify', range: '>=0.2.3 <0.3.0', hasData: false }
168 silly mapToRegistry name jsonminify
169 silly mapToRegistry using default registry
170 silly mapToRegistry registry https://registry.npmjs.org/
171 silly mapToRegistry data Result {
171 silly mapToRegistry   raw: 'jsonminify',
171 silly mapToRegistry   scope: null,
171 silly mapToRegistry   name: 'jsonminify',
171 silly mapToRegistry   rawSpec: '',
171 silly mapToRegistry   spec: 'latest',
171 silly mapToRegistry   type: 'tag' }
172 silly mapToRegistry uri https://registry.npmjs.org/jsonminify
173 verbose addNameRange registry:https://registry.npmjs.org/jsonminify not in flight; fetching
174 verbose get https://registry.npmjs.org/jsonminify not expired, no request
175 silly addNameRange number 2 { name: 'jsonminify', range: '>=0.2.3 <0.3.0', hasData: true }
176 silly addNameRange versions [ 'jsonminify',
176 silly addNameRange   [ '0.1.0', '0.1.1', '0.1.2', '0.2.1', '0.2.2', '0.2.3', '0.4.1' ] ]
177 silly addNamed jsonminify@0.2.3
178 verbose addNamed "0.2.3" is a plain semver version for jsonminify
179 silly cache afterAdd jsonminify@0.2.3
180 verbose afterAdd C:\Users\Administrator\AppData\Roaming\npm-cache\jsonminify\0.2.3\package\package.json not in flight; writing
181 verbose correctMkdir C:\Users\Administrator\AppData\Roaming\npm-cache correctMkdir not in flight; initializing
182 verbose afterAdd C:\Users\Administrator\AppData\Roaming\npm-cache\jsonminify\0.2.3\package\package.json written
183 http 304 https://registry.npmjs.org/chokidar
184 verbose headers { date: 'Tue, 10 Oct 2017 05:54:24 GMT',
184 verbose headers   via: '1.1 varnish',
184 verbose headers   'cache-control': 'max-age=300',
184 verbose headers   etag: 'W/"59d6129d-1c583"',
184 verbose headers   age: '277',
184 verbose headers   connection: 'keep-alive',
184 verbose headers   'x-served-by': 'cache-nrt6129-NRT',
184 verbose headers   'x-cache': 'HIT',
184 verbose headers   'x-cache-hits': '7',
184 verbose headers   'x-timer': 'S1507614865.612195,VS0,VE0',
184 verbose headers   vary: 'Accept-Encoding, Accept' }
185 silly get cb [ 304,
185 silly get   { date: 'Tue, 10 Oct 2017 05:54:24 GMT',
185 silly get     via: '1.1 varnish',
185 silly get     'cache-control': 'max-age=300',
185 silly get     etag: 'W/"59d6129d-1c583"',
185 silly get     age: '277',
185 silly get     connection: 'keep-alive',
185 silly get     'x-served-by': 'cache-nrt6129-NRT',
185 silly get     'x-cache': 'HIT',
185 silly get     'x-cache-hits': '7',
185 silly get     'x-timer': 'S1507614865.612195,VS0,VE0',
185 silly get     vary: 'Accept-Encoding, Accept' } ]
186 verbose etag https://registry.npmjs.org/chokidar from cache
187 verbose get saving chokidar to C:\Users\Administrator\AppData\Roaming\npm-cache\registry.npmjs.org\chokidar\.cache.json
188 verbose correctMkdir C:\Users\Administrator\AppData\Roaming\npm-cache correctMkdir not in flight; initializing
189 silly resolveWithNewModule chokidar@0.8.4 checking installable status
190 silly cache add args [ 'chokidar@^0.8.4', null ]
191 verbose cache add spec chokidar@^0.8.4
192 silly cache add parsed spec Result {
192 silly cache add   raw: 'chokidar@^0.8.4',
192 silly cache add   scope: null,
192 silly cache add   name: 'chokidar',
192 silly cache add   rawSpec: '^0.8.4',
192 silly cache add   spec: '>=0.8.4 <0.9.0',
192 silly cache add   type: 'range' }
193 silly addNamed chokidar@>=0.8.4 <0.9.0
194 verbose addNamed ">=0.8.4 <0.9.0" is a valid semver range for chokidar
195 silly addNameRange { name: 'chokidar', range: '>=0.8.4 <0.9.0', hasData: false }
196 silly mapToRegistry name chokidar
197 silly mapToRegistry using default registry
198 silly mapToRegistry registry https://registry.npmjs.org/
199 silly mapToRegistry data Result {
199 silly mapToRegistry   raw: 'chokidar',
199 silly mapToRegistry   scope: null,
199 silly mapToRegistry   name: 'chokidar',
199 silly mapToRegistry   rawSpec: '',
199 silly mapToRegistry   spec: 'latest',
199 silly mapToRegistry   type: 'tag' }
200 silly mapToRegistry uri https://registry.npmjs.org/chokidar
201 verbose addNameRange registry:https://registry.npmjs.org/chokidar not in flight; fetching
202 verbose get https://registry.npmjs.org/chokidar not expired, no request
203 silly addNameRange number 2 { name: 'chokidar', range: '>=0.8.4 <0.9.0', hasData: true }
204 silly addNameRange versions [ 'chokidar',
204 silly addNameRange   [ '0.1.1',
204 silly addNameRange     '0.2.0',
204 silly addNameRange     '0.2.1',
204 silly addNameRange     '0.2.2',
204 silly addNameRange     '0.2.3',
204 silly addNameRange     '0.2.4',
204 silly addNameRange     '0.2.5',
204 silly addNameRange     '0.2.6',
204 silly addNameRange     '0.3.0',
204 silly addNameRange     '0.4.0',
204 silly addNameRange     '0.5.0',
204 silly addNameRange     '0.5.1',
204 silly addNameRange     '0.5.2',
204 silly addNameRange     '0.5.3',
204 silly addNameRange     '0.6.0',
204 silly addNameRange     '0.6.1',
204 silly addNameRange     '0.6.2',
204 silly addNameRange     '0.6.3',
204 silly addNameRange     '0.7.0',
204 silly addNameRange     '0.7.1',
204 silly addNameRange     '0.8.0',
204 silly addNameRange     '0.8.1',
204 silly addNameRange     '0.8.2',
204 silly addNameRange     '0.8.3',
204 silly addNameRange     '0.8.4',
204 silly addNameRange     '0.9.0',
204 silly addNameRange     '0.10.0',
204 silly addNameRange     '0.10.1',
204 silly addNameRange     '0.10.2',
204 silly addNameRange     '0.10.3',
204 silly addNameRange     '0.10.4',
204 silly addNameRange     '0.10.5',
204 silly addNameRange     '0.10.6',
204 silly addNameRange     '0.10.7',
204 silly addNameRange     '0.10.8',
204 silly addNameRange     '0.10.9',
204 silly addNameRange     '0.11.0',
204 silly addNameRange     '0.11.1',
204 silly addNameRange     '0.12.0',
204 silly addNameRange     '0.12.1',
204 silly addNameRange     '0.12.2',
204 silly addNameRange     '0.12.3',
204 silly addNameRange     '0.12.4',
204 silly addNameRange     '0.12.5',
204 silly addNameRange     '0.12.6',
204 silly addNameRange     '1.0.0-rc1',
204 silly addNameRange     '1.0.0-rc1.1',
204 silly addNameRange     '1.0.0-rc2',
204 silly addNameRange     '1.0.0-rc3',
204 silly addNameRange     '1.0.0-rc4',
204 silly addNameRange     '1.0.0-rc5',
204 silly addNameRange     '1.0.0',
204 silly addNameRange     '1.0.1',
204 silly addNameRange     '1.0.2',
204 silly addNameRange     '1.0.3',
204 silly addNameRange     '1.0.4',
204 silly addNameRange     '1.0.5',
204 silly addNameRange     '1.0.6',
204 silly addNameRange     '1.1.0',
204 silly addNameRange     '1.2.0',
204 silly addNameRange     '1.3.0',
204 silly addNameRange     '1.4.0',
204 silly addNameRange     '1.4.1',
204 silly addNameRange     '1.4.2',
204 silly addNameRange     '1.4.3',
204 silly addNameRange     '1.5.0',
204 silly addNameRange     '1.5.1',
204 silly addNameRange     '1.5.2',
204 silly addNameRange     '1.6.0',
204 silly addNameRange     '1.6.1',
204 silly addNameRange     '1.7.0' ] ]
205 silly addNamed chokidar@0.8.4
206 verbose addNamed "0.8.4" is a plain semver version for chokidar
207 silly cache afterAdd chokidar@0.8.4
208 verbose afterAdd C:\Users\Administrator\AppData\Roaming\npm-cache\chokidar\0.8.4\package\package.json not in flight; writing
209 verbose correctMkdir C:\Users\Administrator\AppData\Roaming\npm-cache correctMkdir not in flight; initializing
210 verbose afterAdd C:\Users\Administrator\AppData\Roaming\npm-cache\chokidar\0.8.4\package\package.json written
211 http 304 https://registry.npmjs.org/path-filters
212 verbose headers { date: 'Tue, 10 Oct 2017 05:54:25 GMT',
212 verbose headers   via: '1.1 varnish',
212 verbose headers   'cache-control': 'max-age=300',
212 verbose headers   etag: 'W/"54381bf6-1cc3"',
212 verbose headers   age: '0',
212 verbose headers   connection: 'keep-alive',
212 verbose headers   'x-served-by': 'cache-nrt6134-NRT',
212 verbose headers   'x-cache': 'HIT',
212 verbose headers   'x-cache-hits': '1',
212 verbose headers   'x-timer': 'S1507614865.083909,VS0,VE128',
212 verbose headers   vary: 'Accept-Encoding, Accept' }
213 silly get cb [ 304,
213 silly get   { date: 'Tue, 10 Oct 2017 05:54:25 GMT',
213 silly get     via: '1.1 varnish',
213 silly get     'cache-control': 'max-age=300',
213 silly get     etag: 'W/"54381bf6-1cc3"',
213 silly get     age: '0',
213 silly get     connection: 'keep-alive',
213 silly get     'x-served-by': 'cache-nrt6134-NRT',
213 silly get     'x-cache': 'HIT',
213 silly get     'x-cache-hits': '1',
213 silly get     'x-timer': 'S1507614865.083909,VS0,VE128',
213 silly get     vary: 'Accept-Encoding, Accept' } ]
214 verbose etag https://registry.npmjs.org/path-filters from cache
215 verbose get saving path-filters to C:\Users\Administrator\AppData\Roaming\npm-cache\registry.npmjs.org\path-filters\.cache.json
216 verbose correctMkdir C:\Users\Administrator\AppData\Roaming\npm-cache correctMkdir not in flight; initializing
217 silly resolveWithNewModule path-filters@1.1.0 checking installable status
218 silly cache add args [ 'path-filters@^1.0.6', null ]
219 verbose cache add spec path-filters@^1.0.6
220 silly cache add parsed spec Result {
220 silly cache add   raw: 'path-filters@^1.0.6',
220 silly cache add   scope: null,
220 silly cache add   name: 'path-filters',
220 silly cache add   rawSpec: '^1.0.6',
220 silly cache add   spec: '>=1.0.6 <2.0.0',
220 silly cache add   type: 'range' }
221 silly addNamed path-filters@>=1.0.6 <2.0.0
222 verbose addNamed ">=1.0.6 <2.0.0" is a valid semver range for path-filters
223 silly addNameRange { name: 'path-filters', range: '>=1.0.6 <2.0.0', hasData: false }
224 silly mapToRegistry name path-filters
225 silly mapToRegistry using default registry
226 silly mapToRegistry registry https://registry.npmjs.org/
227 silly mapToRegistry data Result {
227 silly mapToRegistry   raw: 'path-filters',
227 silly mapToRegistry   scope: null,
227 silly mapToRegistry   name: 'path-filters',
227 silly mapToRegistry   rawSpec: '',
227 silly mapToRegistry   spec: 'latest',
227 silly mapToRegistry   type: 'tag' }
228 silly mapToRegistry uri https://registry.npmjs.org/path-filters
229 verbose addNameRange registry:https://registry.npmjs.org/path-filters not in flight; fetching
230 verbose get https://registry.npmjs.org/path-filters not expired, no request
231 silly addNameRange number 2 { name: 'path-filters', range: '>=1.0.6 <2.0.0', hasData: true }
232 silly addNameRange versions [ 'path-filters',
232 silly addNameRange   [ '1.0.0',
232 silly addNameRange     '1.0.1',
232 silly addNameRange     '1.0.2',
232 silly addNameRange     '1.0.3',
232 silly addNameRange     '1.0.4',
232 silly addNameRange     '1.0.5',
232 silly addNameRange     '1.0.6',
232 silly addNameRange     '1.1.0' ] ]
233 silly addNamed path-filters@1.1.0
234 verbose addNamed "1.1.0" is a plain semver version for path-filters
235 silly cache afterAdd path-filters@1.1.0
236 verbose afterAdd C:\Users\Administrator\AppData\Roaming\npm-cache\path-filters\1.1.0\package\package.json not in flight; writing
237 verbose correctMkdir C:\Users\Administrator\AppData\Roaming\npm-cache correctMkdir not in flight; initializing
238 verbose afterAdd C:\Users\Administrator\AppData\Roaming\npm-cache\path-filters\1.1.0\package\package.json written
239 silly rollbackFailedOptional Starting
240 silly rollbackFailedOptional Finishing
241 silly runTopLevelLifecycles Starting
242 silly runTopLevelLifecycles Finishing
243 silly install printInstalled
244 verbose stack Error: Unsupported platform for fsevents@0.3.8: wanted {"name":"fsevents","version":"0.3.8","description":"Native Access to Mac OS-X FSEvents","main":"fsevents.js","dependencies":{"nan":"^2.0.2"},"os":["darwin"],"engines":{"node":">=0.8.0"},"scripts":{"test":"tap ./test","install":"node-gyp rebuild"},"repository":{"type":"git","url":"git+https://github.com/strongloop/fsevents.git"},"keywords":["fsevents","mac"],"author":{"name":"Philipp Dunkel","email":"pip@pipobscure.com"},"license":"MIT","bugs":{"url":"https://github.com/strongloop/fsevents/issues"},"homepage":"https://github.com/strongloop/fsevents","devDependencies":{"tap":"~0.4.8"},"gypfile":true,"gitHead":"f24d1478198676908c646b5b2b4975786dd2954b","_id":"fsevents@0.3.8","_npmVersion":"2.11.3","_nodeVersion":"2.3.2","_npmUser":{"name":"bnoordhuis","email":"info@bnoordhuis.nl"},"maintainers":[{"name":"pipobscure","email":"pip@pipobscure.com"},{"name":"strongloop","email":"callback@strongloop.com"},{"name":"bajtos","email":"miro.bajtos@gmail.com"},{"name":"bnoordhuis","email":"info@bnoordhuis.nl"}],"dist":{"shasum":"9992f1032c925c829554d0d59801dca0313a5356","tarball":"https://registry.npmjs.org/fsevents/-/fsevents-0.3.8.tgz"},"directories":{},"_requested":{"raw":"fsevents@^0.3.0","scope":null,"name":"fsevents","rawSpec":"^0.3.0","spec":">=0.3.0 <0.4.0","type":"range"},"_spec":"fsevents@^0.3.0","_where":"E:\\Code\\Test\\node\\node_modules\\hot-reload","_args":[["fsevents@^0.3.0","E:\\Code\\Test\\node\\node_modules\\hot-reload"]],"readme":"ERROR: No README data found!"} (current: {"os":"win32","cpu":"x64"})
244 verbose stack     at checkPlatform (C:\Program Files\nodejs\node_modules\npm\node_modules\npm-install-checks\index.js:45:14)
244 verbose stack     at thenWarnEngineIssues (C:\Program Files\nodejs\node_modules\npm\lib\install\validate-args.js:41:5)
244 verbose stack     at C:\Program Files\nodejs\node_modules\npm\node_modules\iferr\index.js:13:50
244 verbose stack     at checkEngine (C:\Program Files\nodejs\node_modules\npm\node_modules\npm-install-checks\index.js:24:10)
244 verbose stack     at module.exports.isInstallable (C:\Program Files\nodejs\node_modules\npm\lib\install\validate-args.js:38:3)
244 verbose stack     at resolveWithNewModule (C:\Program Files\nodejs\node_modules\npm\lib\install\deps.js:462:12)
244 verbose stack     at C:\Program Files\nodejs\node_modules\npm\lib\install\deps.js:456:7
244 verbose stack     at C:\Program Files\nodejs\node_modules\npm\node_modules\iferr\index.js:13:50
244 verbose stack     at C:\Program Files\nodejs\node_modules\npm\lib\fetch-package-metadata.js:37:12
244 verbose stack     at addRequestedAndFinish (C:\Program Files\nodejs\node_modules\npm\lib\fetch-package-metadata.js:82:5)
245 verbose pkgid fsevents@0.3.8
246 verbose cwd E:\Code\Test\node
247 error Windows_NT 6.1.7601
248 error argv "C:\\Program Files\\nodejs\\node.exe" "C:\\Program Files\\nodejs\\node_modules\\npm\\bin\\npm-cli.js" "install" "--no-optional" "hot-reload" "--save"
249 error node v5.12.0
250 error npm  v3.8.6
251 error code EBADPLATFORM
252 error notsup Not compatible with your operating system or architecture: fsevents@0.3.8
253 error notsup Valid OS:    darwin
253 error notsup Valid Arch:  any
253 error notsup Actual OS:   win32
253 error notsup Actual Arch: x64
254 verbose exit [ 1, true ]
